[2024-06-11T14:56:46.669+0000] {processor.py:161} INFO - Started process (PID=1966) to work on /opt/airflow/dags/etl_dag.py
[2024-06-11T14:56:46.670+0000] {processor.py:830} INFO - Processing file /opt/airflow/dags/etl_dag.py for tasks to queue
[2024-06-11T14:56:46.673+0000] {logging_mixin.py:188} INFO - [2024-06-11T14:56:46.672+0000] {dagbag.py:545} INFO - Filling up the DagBag from /opt/airflow/dags/etl_dag.py
[2024-06-11T14:56:47.406+0000] {processor.py:840} INFO - DAG(s) 'breweries_etl_dag' retrieved from /opt/airflow/dags/etl_dag.py
[2024-06-11T14:56:47.429+0000] {logging_mixin.py:188} INFO - [2024-06-11T14:56:47.428+0000] {dag.py:3096} INFO - Sync 1 DAGs
[2024-06-11T14:56:47.450+0000] {logging_mixin.py:188} INFO - [2024-06-11T14:56:47.450+0000] {dag.py:3954} INFO - Setting next_dagrun for breweries_etl_dag to 2024-06-11 00:00:00+00:00, run_after=2024-06-12 00:00:00+00:00
[2024-06-11T14:56:47.467+0000] {processor.py:183} INFO - Processing /opt/airflow/dags/etl_dag.py took 0.808 seconds
[2024-06-11T14:56:57.643+0000] {processor.py:161} INFO - Started process (PID=1972) to work on /opt/airflow/dags/etl_dag.py
[2024-06-11T14:56:57.646+0000] {processor.py:830} INFO - Processing file /opt/airflow/dags/etl_dag.py for tasks to queue
[2024-06-11T14:56:57.649+0000] {logging_mixin.py:188} INFO - [2024-06-11T14:56:57.649+0000] {dagbag.py:545} INFO - Filling up the DagBag from /opt/airflow/dags/etl_dag.py
[2024-06-11T14:56:58.445+0000] {processor.py:840} INFO - DAG(s) 'breweries_etl_dag' retrieved from /opt/airflow/dags/etl_dag.py
[2024-06-11T14:56:58.469+0000] {logging_mixin.py:188} INFO - [2024-06-11T14:56:58.469+0000] {dag.py:3096} INFO - Sync 1 DAGs
[2024-06-11T14:56:58.489+0000] {logging_mixin.py:188} INFO - [2024-06-11T14:56:58.488+0000] {dag.py:3954} INFO - Setting next_dagrun for breweries_etl_dag to 2024-06-11 00:00:00+00:00, run_after=2024-06-12 00:00:00+00:00
[2024-06-11T14:56:58.507+0000] {processor.py:183} INFO - Processing /opt/airflow/dags/etl_dag.py took 0.884 seconds
[2024-06-11T14:57:08.553+0000] {processor.py:161} INFO - Started process (PID=1978) to work on /opt/airflow/dags/etl_dag.py
[2024-06-11T14:57:08.555+0000] {processor.py:830} INFO - Processing file /opt/airflow/dags/etl_dag.py for tasks to queue
[2024-06-11T14:57:08.556+0000] {logging_mixin.py:188} INFO - [2024-06-11T14:57:08.556+0000] {dagbag.py:545} INFO - Filling up the DagBag from /opt/airflow/dags/etl_dag.py
[2024-06-11T14:57:09.356+0000] {processor.py:840} INFO - DAG(s) 'breweries_etl_dag' retrieved from /opt/airflow/dags/etl_dag.py
[2024-06-11T14:57:09.387+0000] {logging_mixin.py:188} INFO - [2024-06-11T14:57:09.386+0000] {dag.py:3096} INFO - Sync 1 DAGs
[2024-06-11T14:57:09.413+0000] {logging_mixin.py:188} INFO - [2024-06-11T14:57:09.413+0000] {dag.py:3954} INFO - Setting next_dagrun for breweries_etl_dag to 2024-06-11 00:00:00+00:00, run_after=2024-06-12 00:00:00+00:00
[2024-06-11T14:57:09.432+0000] {processor.py:183} INFO - Processing /opt/airflow/dags/etl_dag.py took 0.885 seconds
[2024-06-11T14:57:19.533+0000] {processor.py:161} INFO - Started process (PID=1984) to work on /opt/airflow/dags/etl_dag.py
[2024-06-11T14:57:19.534+0000] {processor.py:830} INFO - Processing file /opt/airflow/dags/etl_dag.py for tasks to queue
[2024-06-11T14:57:19.536+0000] {logging_mixin.py:188} INFO - [2024-06-11T14:57:19.535+0000] {dagbag.py:545} INFO - Filling up the DagBag from /opt/airflow/dags/etl_dag.py
[2024-06-11T14:57:20.285+0000] {processor.py:840} INFO - DAG(s) 'breweries_etl_dag' retrieved from /opt/airflow/dags/etl_dag.py
[2024-06-11T14:57:20.311+0000] {logging_mixin.py:188} INFO - [2024-06-11T14:57:20.311+0000] {dag.py:3096} INFO - Sync 1 DAGs
[2024-06-11T14:57:20.331+0000] {logging_mixin.py:188} INFO - [2024-06-11T14:57:20.331+0000] {dag.py:3954} INFO - Setting next_dagrun for breweries_etl_dag to 2024-06-11 00:00:00+00:00, run_after=2024-06-12 00:00:00+00:00
[2024-06-11T14:57:20.354+0000] {processor.py:183} INFO - Processing /opt/airflow/dags/etl_dag.py took 0.828 seconds
[2024-06-11T14:57:30.478+0000] {processor.py:161} INFO - Started process (PID=1990) to work on /opt/airflow/dags/etl_dag.py
[2024-06-11T14:57:30.479+0000] {processor.py:830} INFO - Processing file /opt/airflow/dags/etl_dag.py for tasks to queue
[2024-06-11T14:57:30.481+0000] {logging_mixin.py:188} INFO - [2024-06-11T14:57:30.481+0000] {dagbag.py:545} INFO - Filling up the DagBag from /opt/airflow/dags/etl_dag.py
[2024-06-11T14:57:31.233+0000] {processor.py:840} INFO - DAG(s) 'breweries_etl_dag' retrieved from /opt/airflow/dags/etl_dag.py
[2024-06-11T14:57:31.258+0000] {logging_mixin.py:188} INFO - [2024-06-11T14:57:31.258+0000] {dag.py:3096} INFO - Sync 1 DAGs
[2024-06-11T14:57:31.279+0000] {logging_mixin.py:188} INFO - [2024-06-11T14:57:31.279+0000] {dag.py:3954} INFO - Setting next_dagrun for breweries_etl_dag to 2024-06-11 00:00:00+00:00, run_after=2024-06-12 00:00:00+00:00
[2024-06-11T14:57:31.300+0000] {processor.py:183} INFO - Processing /opt/airflow/dags/etl_dag.py took 0.828 seconds
[2024-06-11T14:57:41.403+0000] {processor.py:161} INFO - Started process (PID=1996) to work on /opt/airflow/dags/etl_dag.py
[2024-06-11T14:57:41.404+0000] {processor.py:830} INFO - Processing file /opt/airflow/dags/etl_dag.py for tasks to queue
[2024-06-11T14:57:41.406+0000] {logging_mixin.py:188} INFO - [2024-06-11T14:57:41.406+0000] {dagbag.py:545} INFO - Filling up the DagBag from /opt/airflow/dags/etl_dag.py
[2024-06-11T14:57:42.140+0000] {processor.py:840} INFO - DAG(s) 'breweries_etl_dag' retrieved from /opt/airflow/dags/etl_dag.py
[2024-06-11T14:57:42.171+0000] {logging_mixin.py:188} INFO - [2024-06-11T14:57:42.170+0000] {dag.py:3096} INFO - Sync 1 DAGs
[2024-06-11T14:57:42.197+0000] {logging_mixin.py:188} INFO - [2024-06-11T14:57:42.197+0000] {dag.py:3954} INFO - Setting next_dagrun for breweries_etl_dag to 2024-06-11 00:00:00+00:00, run_after=2024-06-12 00:00:00+00:00
[2024-06-11T14:57:42.228+0000] {processor.py:183} INFO - Processing /opt/airflow/dags/etl_dag.py took 0.831 seconds
[2024-06-11T14:57:52.341+0000] {processor.py:161} INFO - Started process (PID=2002) to work on /opt/airflow/dags/etl_dag.py
[2024-06-11T14:57:52.342+0000] {processor.py:830} INFO - Processing file /opt/airflow/dags/etl_dag.py for tasks to queue
[2024-06-11T14:57:52.344+0000] {logging_mixin.py:188} INFO - [2024-06-11T14:57:52.344+0000] {dagbag.py:545} INFO - Filling up the DagBag from /opt/airflow/dags/etl_dag.py
[2024-06-11T14:57:53.113+0000] {processor.py:840} INFO - DAG(s) 'breweries_etl_dag' retrieved from /opt/airflow/dags/etl_dag.py
[2024-06-11T14:57:53.135+0000] {logging_mixin.py:188} INFO - [2024-06-11T14:57:53.134+0000] {dag.py:3096} INFO - Sync 1 DAGs
[2024-06-11T14:57:53.162+0000] {logging_mixin.py:188} INFO - [2024-06-11T14:57:53.162+0000] {dag.py:3954} INFO - Setting next_dagrun for breweries_etl_dag to 2024-06-11 00:00:00+00:00, run_after=2024-06-12 00:00:00+00:00
[2024-06-11T14:57:53.182+0000] {processor.py:183} INFO - Processing /opt/airflow/dags/etl_dag.py took 0.849 seconds
[2024-06-11T14:58:03.287+0000] {processor.py:161} INFO - Started process (PID=2008) to work on /opt/airflow/dags/etl_dag.py
[2024-06-11T14:58:03.288+0000] {processor.py:830} INFO - Processing file /opt/airflow/dags/etl_dag.py for tasks to queue
[2024-06-11T14:58:03.291+0000] {logging_mixin.py:188} INFO - [2024-06-11T14:58:03.291+0000] {dagbag.py:545} INFO - Filling up the DagBag from /opt/airflow/dags/etl_dag.py
[2024-06-11T14:58:04.163+0000] {processor.py:840} INFO - DAG(s) 'breweries_etl_dag' retrieved from /opt/airflow/dags/etl_dag.py
[2024-06-11T14:58:04.193+0000] {logging_mixin.py:188} INFO - [2024-06-11T14:58:04.192+0000] {dag.py:3096} INFO - Sync 1 DAGs
[2024-06-11T14:58:04.231+0000] {logging_mixin.py:188} INFO - [2024-06-11T14:58:04.231+0000] {dag.py:3954} INFO - Setting next_dagrun for breweries_etl_dag to 2024-06-11 00:00:00+00:00, run_after=2024-06-12 00:00:00+00:00
[2024-06-11T14:58:04.270+0000] {processor.py:183} INFO - Processing /opt/airflow/dags/etl_dag.py took 0.989 seconds
[2024-06-11T14:58:14.403+0000] {processor.py:161} INFO - Started process (PID=2014) to work on /opt/airflow/dags/etl_dag.py
[2024-06-11T14:58:14.404+0000] {processor.py:830} INFO - Processing file /opt/airflow/dags/etl_dag.py for tasks to queue
[2024-06-11T14:58:14.407+0000] {logging_mixin.py:188} INFO - [2024-06-11T14:58:14.407+0000] {dagbag.py:545} INFO - Filling up the DagBag from /opt/airflow/dags/etl_dag.py
[2024-06-11T14:58:15.223+0000] {processor.py:840} INFO - DAG(s) 'breweries_etl_dag' retrieved from /opt/airflow/dags/etl_dag.py
[2024-06-11T14:58:15.248+0000] {logging_mixin.py:188} INFO - [2024-06-11T14:58:15.247+0000] {dag.py:3096} INFO - Sync 1 DAGs
[2024-06-11T14:58:15.271+0000] {logging_mixin.py:188} INFO - [2024-06-11T14:58:15.270+0000] {dag.py:3954} INFO - Setting next_dagrun for breweries_etl_dag to 2024-06-11 00:00:00+00:00, run_after=2024-06-12 00:00:00+00:00
[2024-06-11T14:58:15.293+0000] {processor.py:183} INFO - Processing /opt/airflow/dags/etl_dag.py took 0.899 seconds
[2024-06-11T14:58:25.459+0000] {processor.py:161} INFO - Started process (PID=2020) to work on /opt/airflow/dags/etl_dag.py
[2024-06-11T14:58:25.460+0000] {processor.py:830} INFO - Processing file /opt/airflow/dags/etl_dag.py for tasks to queue
[2024-06-11T14:58:25.462+0000] {logging_mixin.py:188} INFO - [2024-06-11T14:58:25.462+0000] {dagbag.py:545} INFO - Filling up the DagBag from /opt/airflow/dags/etl_dag.py
[2024-06-11T14:58:26.252+0000] {processor.py:840} INFO - DAG(s) 'breweries_etl_dag' retrieved from /opt/airflow/dags/etl_dag.py
[2024-06-11T14:58:26.276+0000] {logging_mixin.py:188} INFO - [2024-06-11T14:58:26.275+0000] {dag.py:3096} INFO - Sync 1 DAGs
[2024-06-11T14:58:26.299+0000] {logging_mixin.py:188} INFO - [2024-06-11T14:58:26.298+0000] {dag.py:3954} INFO - Setting next_dagrun for breweries_etl_dag to 2024-06-11 00:00:00+00:00, run_after=2024-06-12 00:00:00+00:00
[2024-06-11T14:58:26.318+0000] {processor.py:183} INFO - Processing /opt/airflow/dags/etl_dag.py took 0.868 seconds
[2024-06-11T14:58:36.417+0000] {processor.py:161} INFO - Started process (PID=2026) to work on /opt/airflow/dags/etl_dag.py
[2024-06-11T14:58:36.417+0000] {processor.py:830} INFO - Processing file /opt/airflow/dags/etl_dag.py for tasks to queue
[2024-06-11T14:58:36.419+0000] {logging_mixin.py:188} INFO - [2024-06-11T14:58:36.419+0000] {dagbag.py:545} INFO - Filling up the DagBag from /opt/airflow/dags/etl_dag.py
[2024-06-11T14:58:37.198+0000] {processor.py:840} INFO - DAG(s) 'breweries_etl_dag' retrieved from /opt/airflow/dags/etl_dag.py
[2024-06-11T14:58:37.223+0000] {logging_mixin.py:188} INFO - [2024-06-11T14:58:37.223+0000] {dag.py:3096} INFO - Sync 1 DAGs
[2024-06-11T14:58:37.245+0000] {logging_mixin.py:188} INFO - [2024-06-11T14:58:37.245+0000] {dag.py:3954} INFO - Setting next_dagrun for breweries_etl_dag to 2024-06-11 00:00:00+00:00, run_after=2024-06-12 00:00:00+00:00
[2024-06-11T14:58:37.264+0000] {processor.py:183} INFO - Processing /opt/airflow/dags/etl_dag.py took 0.854 seconds
[2024-06-11T14:58:47.431+0000] {processor.py:161} INFO - Started process (PID=2032) to work on /opt/airflow/dags/etl_dag.py
[2024-06-11T14:58:47.432+0000] {processor.py:830} INFO - Processing file /opt/airflow/dags/etl_dag.py for tasks to queue
[2024-06-11T14:58:47.435+0000] {logging_mixin.py:188} INFO - [2024-06-11T14:58:47.435+0000] {dagbag.py:545} INFO - Filling up the DagBag from /opt/airflow/dags/etl_dag.py
[2024-06-11T14:58:48.172+0000] {processor.py:840} INFO - DAG(s) 'breweries_etl_dag' retrieved from /opt/airflow/dags/etl_dag.py
[2024-06-11T14:58:48.194+0000] {logging_mixin.py:188} INFO - [2024-06-11T14:58:48.194+0000] {dag.py:3096} INFO - Sync 1 DAGs
[2024-06-11T14:58:48.213+0000] {logging_mixin.py:188} INFO - [2024-06-11T14:58:48.213+0000] {dag.py:3954} INFO - Setting next_dagrun for breweries_etl_dag to 2024-06-11 00:00:00+00:00, run_after=2024-06-12 00:00:00+00:00
[2024-06-11T14:58:48.232+0000] {processor.py:183} INFO - Processing /opt/airflow/dags/etl_dag.py took 0.812 seconds
[2024-06-11T14:58:58.342+0000] {processor.py:161} INFO - Started process (PID=2038) to work on /opt/airflow/dags/etl_dag.py
[2024-06-11T14:58:58.343+0000] {processor.py:830} INFO - Processing file /opt/airflow/dags/etl_dag.py for tasks to queue
[2024-06-11T14:58:58.345+0000] {logging_mixin.py:188} INFO - [2024-06-11T14:58:58.345+0000] {dagbag.py:545} INFO - Filling up the DagBag from /opt/airflow/dags/etl_dag.py
[2024-06-11T14:58:59.044+0000] {processor.py:840} INFO - DAG(s) 'breweries_etl_dag' retrieved from /opt/airflow/dags/etl_dag.py
[2024-06-11T14:58:59.067+0000] {logging_mixin.py:188} INFO - [2024-06-11T14:58:59.066+0000] {dag.py:3096} INFO - Sync 1 DAGs
[2024-06-11T14:58:59.087+0000] {logging_mixin.py:188} INFO - [2024-06-11T14:58:59.087+0000] {dag.py:3954} INFO - Setting next_dagrun for breweries_etl_dag to 2024-06-11 00:00:00+00:00, run_after=2024-06-12 00:00:00+00:00
[2024-06-11T14:58:59.105+0000] {processor.py:183} INFO - Processing /opt/airflow/dags/etl_dag.py took 0.769 seconds
[2024-06-11T14:59:09.216+0000] {processor.py:161} INFO - Started process (PID=2044) to work on /opt/airflow/dags/etl_dag.py
[2024-06-11T14:59:09.218+0000] {processor.py:830} INFO - Processing file /opt/airflow/dags/etl_dag.py for tasks to queue
[2024-06-11T14:59:09.221+0000] {logging_mixin.py:188} INFO - [2024-06-11T14:59:09.221+0000] {dagbag.py:545} INFO - Filling up the DagBag from /opt/airflow/dags/etl_dag.py
[2024-06-11T14:59:10.002+0000] {processor.py:840} INFO - DAG(s) 'breweries_etl_dag' retrieved from /opt/airflow/dags/etl_dag.py
[2024-06-11T14:59:10.028+0000] {logging_mixin.py:188} INFO - [2024-06-11T14:59:10.028+0000] {dag.py:3096} INFO - Sync 1 DAGs
[2024-06-11T14:59:10.050+0000] {logging_mixin.py:188} INFO - [2024-06-11T14:59:10.049+0000] {dag.py:3954} INFO - Setting next_dagrun for breweries_etl_dag to 2024-06-11 00:00:00+00:00, run_after=2024-06-12 00:00:00+00:00
[2024-06-11T14:59:10.068+0000] {processor.py:183} INFO - Processing /opt/airflow/dags/etl_dag.py took 0.864 seconds
[2024-06-11T14:59:20.194+0000] {processor.py:161} INFO - Started process (PID=2050) to work on /opt/airflow/dags/etl_dag.py
[2024-06-11T14:59:20.196+0000] {processor.py:830} INFO - Processing file /opt/airflow/dags/etl_dag.py for tasks to queue
[2024-06-11T14:59:20.201+0000] {logging_mixin.py:188} INFO - [2024-06-11T14:59:20.200+0000] {dagbag.py:545} INFO - Filling up the DagBag from /opt/airflow/dags/etl_dag.py
[2024-06-11T14:59:21.247+0000] {processor.py:840} INFO - DAG(s) 'breweries_etl_dag' retrieved from /opt/airflow/dags/etl_dag.py
[2024-06-11T14:59:21.272+0000] {logging_mixin.py:188} INFO - [2024-06-11T14:59:21.272+0000] {dag.py:3096} INFO - Sync 1 DAGs
[2024-06-11T14:59:21.297+0000] {logging_mixin.py:188} INFO - [2024-06-11T14:59:21.296+0000] {dag.py:3954} INFO - Setting next_dagrun for breweries_etl_dag to 2024-06-11 00:00:00+00:00, run_after=2024-06-12 00:00:00+00:00
[2024-06-11T14:59:21.317+0000] {processor.py:183} INFO - Processing /opt/airflow/dags/etl_dag.py took 1.141 seconds
[2024-06-11T14:59:31.404+0000] {processor.py:161} INFO - Started process (PID=2056) to work on /opt/airflow/dags/etl_dag.py
[2024-06-11T14:59:31.405+0000] {processor.py:830} INFO - Processing file /opt/airflow/dags/etl_dag.py for tasks to queue
[2024-06-11T14:59:31.407+0000] {logging_mixin.py:188} INFO - [2024-06-11T14:59:31.407+0000] {dagbag.py:545} INFO - Filling up the DagBag from /opt/airflow/dags/etl_dag.py
[2024-06-11T14:59:32.138+0000] {processor.py:840} INFO - DAG(s) 'breweries_etl_dag' retrieved from /opt/airflow/dags/etl_dag.py
[2024-06-11T14:59:32.163+0000] {logging_mixin.py:188} INFO - [2024-06-11T14:59:32.163+0000] {dag.py:3096} INFO - Sync 1 DAGs
[2024-06-11T14:59:32.182+0000] {logging_mixin.py:188} INFO - [2024-06-11T14:59:32.182+0000] {dag.py:3954} INFO - Setting next_dagrun for breweries_etl_dag to 2024-06-11 00:00:00+00:00, run_after=2024-06-12 00:00:00+00:00
[2024-06-11T14:59:32.202+0000] {processor.py:183} INFO - Processing /opt/airflow/dags/etl_dag.py took 0.804 seconds
[2024-06-11T14:59:42.332+0000] {processor.py:161} INFO - Started process (PID=2062) to work on /opt/airflow/dags/etl_dag.py
[2024-06-11T14:59:42.334+0000] {processor.py:830} INFO - Processing file /opt/airflow/dags/etl_dag.py for tasks to queue
[2024-06-11T14:59:42.336+0000] {logging_mixin.py:188} INFO - [2024-06-11T14:59:42.336+0000] {dagbag.py:545} INFO - Filling up the DagBag from /opt/airflow/dags/etl_dag.py
[2024-06-11T14:59:43.143+0000] {processor.py:840} INFO - DAG(s) 'breweries_etl_dag' retrieved from /opt/airflow/dags/etl_dag.py
[2024-06-11T14:59:43.165+0000] {logging_mixin.py:188} INFO - [2024-06-11T14:59:43.165+0000] {dag.py:3096} INFO - Sync 1 DAGs
[2024-06-11T14:59:43.183+0000] {logging_mixin.py:188} INFO - [2024-06-11T14:59:43.183+0000] {dag.py:3954} INFO - Setting next_dagrun for breweries_etl_dag to 2024-06-11 00:00:00+00:00, run_after=2024-06-12 00:00:00+00:00
[2024-06-11T14:59:43.205+0000] {processor.py:183} INFO - Processing /opt/airflow/dags/etl_dag.py took 0.882 seconds
[2024-06-11T14:59:53.308+0000] {processor.py:161} INFO - Started process (PID=2068) to work on /opt/airflow/dags/etl_dag.py
[2024-06-11T14:59:53.309+0000] {processor.py:830} INFO - Processing file /opt/airflow/dags/etl_dag.py for tasks to queue
[2024-06-11T14:59:53.311+0000] {logging_mixin.py:188} INFO - [2024-06-11T14:59:53.311+0000] {dagbag.py:545} INFO - Filling up the DagBag from /opt/airflow/dags/etl_dag.py
[2024-06-11T14:59:54.196+0000] {processor.py:840} INFO - DAG(s) 'breweries_etl_dag' retrieved from /opt/airflow/dags/etl_dag.py
[2024-06-11T14:59:54.226+0000] {logging_mixin.py:188} INFO - [2024-06-11T14:59:54.225+0000] {dag.py:3096} INFO - Sync 1 DAGs
[2024-06-11T14:59:54.252+0000] {logging_mixin.py:188} INFO - [2024-06-11T14:59:54.252+0000] {dag.py:3954} INFO - Setting next_dagrun for breweries_etl_dag to 2024-06-11 00:00:00+00:00, run_after=2024-06-12 00:00:00+00:00
[2024-06-11T14:59:54.284+0000] {processor.py:183} INFO - Processing /opt/airflow/dags/etl_dag.py took 0.983 seconds
[2024-06-11T15:00:04.394+0000] {processor.py:161} INFO - Started process (PID=2074) to work on /opt/airflow/dags/etl_dag.py
[2024-06-11T15:00:04.396+0000] {processor.py:830} INFO - Processing file /opt/airflow/dags/etl_dag.py for tasks to queue
[2024-06-11T15:00:04.399+0000] {logging_mixin.py:188} INFO - [2024-06-11T15:00:04.398+0000] {dagbag.py:545} INFO - Filling up the DagBag from /opt/airflow/dags/etl_dag.py
[2024-06-11T15:00:05.258+0000] {processor.py:840} INFO - DAG(s) 'breweries_etl_dag' retrieved from /opt/airflow/dags/etl_dag.py
[2024-06-11T15:00:05.287+0000] {logging_mixin.py:188} INFO - [2024-06-11T15:00:05.286+0000] {dag.py:3096} INFO - Sync 1 DAGs
[2024-06-11T15:00:05.321+0000] {logging_mixin.py:188} INFO - [2024-06-11T15:00:05.321+0000] {dag.py:3954} INFO - Setting next_dagrun for breweries_etl_dag to 2024-06-11 00:00:00+00:00, run_after=2024-06-12 00:00:00+00:00
[2024-06-11T15:00:05.344+0000] {processor.py:183} INFO - Processing /opt/airflow/dags/etl_dag.py took 0.958 seconds
[2024-06-11T15:00:15.468+0000] {processor.py:161} INFO - Started process (PID=2080) to work on /opt/airflow/dags/etl_dag.py
[2024-06-11T15:00:15.469+0000] {processor.py:830} INFO - Processing file /opt/airflow/dags/etl_dag.py for tasks to queue
[2024-06-11T15:00:15.471+0000] {logging_mixin.py:188} INFO - [2024-06-11T15:00:15.470+0000] {dagbag.py:545} INFO - Filling up the DagBag from /opt/airflow/dags/etl_dag.py
[2024-06-11T15:00:16.149+0000] {processor.py:840} INFO - DAG(s) 'breweries_etl_dag' retrieved from /opt/airflow/dags/etl_dag.py
[2024-06-11T15:00:16.177+0000] {logging_mixin.py:188} INFO - [2024-06-11T15:00:16.177+0000] {dag.py:3096} INFO - Sync 1 DAGs
[2024-06-11T15:00:16.201+0000] {logging_mixin.py:188} INFO - [2024-06-11T15:00:16.201+0000] {dag.py:3954} INFO - Setting next_dagrun for breweries_etl_dag to 2024-06-11 00:00:00+00:00, run_after=2024-06-12 00:00:00+00:00
[2024-06-11T15:00:16.219+0000] {processor.py:183} INFO - Processing /opt/airflow/dags/etl_dag.py took 0.757 seconds
[2024-06-11T15:00:26.337+0000] {processor.py:161} INFO - Started process (PID=2086) to work on /opt/airflow/dags/etl_dag.py
[2024-06-11T15:00:26.338+0000] {processor.py:830} INFO - Processing file /opt/airflow/dags/etl_dag.py for tasks to queue
[2024-06-11T15:00:26.339+0000] {logging_mixin.py:188} INFO - [2024-06-11T15:00:26.339+0000] {dagbag.py:545} INFO - Filling up the DagBag from /opt/airflow/dags/etl_dag.py
[2024-06-11T15:00:27.090+0000] {processor.py:840} INFO - DAG(s) 'breweries_etl_dag' retrieved from /opt/airflow/dags/etl_dag.py
[2024-06-11T15:00:27.119+0000] {logging_mixin.py:188} INFO - [2024-06-11T15:00:27.119+0000] {dag.py:3096} INFO - Sync 1 DAGs
[2024-06-11T15:00:27.141+0000] {logging_mixin.py:188} INFO - [2024-06-11T15:00:27.141+0000] {dag.py:3954} INFO - Setting next_dagrun for breweries_etl_dag to 2024-06-11 00:00:00+00:00, run_after=2024-06-12 00:00:00+00:00
[2024-06-11T15:00:27.159+0000] {processor.py:183} INFO - Processing /opt/airflow/dags/etl_dag.py took 0.828 seconds
[2024-06-11T15:00:37.286+0000] {processor.py:161} INFO - Started process (PID=2092) to work on /opt/airflow/dags/etl_dag.py
[2024-06-11T15:00:37.287+0000] {processor.py:830} INFO - Processing file /opt/airflow/dags/etl_dag.py for tasks to queue
[2024-06-11T15:00:37.289+0000] {logging_mixin.py:188} INFO - [2024-06-11T15:00:37.289+0000] {dagbag.py:545} INFO - Filling up the DagBag from /opt/airflow/dags/etl_dag.py
[2024-06-11T15:00:38.016+0000] {processor.py:840} INFO - DAG(s) 'breweries_etl_dag' retrieved from /opt/airflow/dags/etl_dag.py
[2024-06-11T15:00:38.040+0000] {logging_mixin.py:188} INFO - [2024-06-11T15:00:38.040+0000] {dag.py:3096} INFO - Sync 1 DAGs
[2024-06-11T15:00:38.062+0000] {logging_mixin.py:188} INFO - [2024-06-11T15:00:38.061+0000] {dag.py:3954} INFO - Setting next_dagrun for breweries_etl_dag to 2024-06-11 00:00:00+00:00, run_after=2024-06-12 00:00:00+00:00
[2024-06-11T15:00:38.081+0000] {processor.py:183} INFO - Processing /opt/airflow/dags/etl_dag.py took 0.800 seconds
[2024-06-11T15:00:48.205+0000] {processor.py:161} INFO - Started process (PID=2098) to work on /opt/airflow/dags/etl_dag.py
[2024-06-11T15:00:48.207+0000] {processor.py:830} INFO - Processing file /opt/airflow/dags/etl_dag.py for tasks to queue
[2024-06-11T15:00:48.209+0000] {logging_mixin.py:188} INFO - [2024-06-11T15:00:48.208+0000] {dagbag.py:545} INFO - Filling up the DagBag from /opt/airflow/dags/etl_dag.py
[2024-06-11T15:00:48.914+0000] {processor.py:840} INFO - DAG(s) 'breweries_etl_dag' retrieved from /opt/airflow/dags/etl_dag.py
[2024-06-11T15:00:48.938+0000] {logging_mixin.py:188} INFO - [2024-06-11T15:00:48.938+0000] {dag.py:3096} INFO - Sync 1 DAGs
[2024-06-11T15:00:48.960+0000] {logging_mixin.py:188} INFO - [2024-06-11T15:00:48.959+0000] {dag.py:3954} INFO - Setting next_dagrun for breweries_etl_dag to 2024-06-11 00:00:00+00:00, run_after=2024-06-12 00:00:00+00:00
[2024-06-11T15:00:48.978+0000] {processor.py:183} INFO - Processing /opt/airflow/dags/etl_dag.py took 0.780 seconds
[2024-06-11T15:00:59.100+0000] {processor.py:161} INFO - Started process (PID=2104) to work on /opt/airflow/dags/etl_dag.py
[2024-06-11T15:00:59.101+0000] {processor.py:830} INFO - Processing file /opt/airflow/dags/etl_dag.py for tasks to queue
[2024-06-11T15:00:59.103+0000] {logging_mixin.py:188} INFO - [2024-06-11T15:00:59.103+0000] {dagbag.py:545} INFO - Filling up the DagBag from /opt/airflow/dags/etl_dag.py
[2024-06-11T15:00:59.872+0000] {processor.py:840} INFO - DAG(s) 'breweries_etl_dag' retrieved from /opt/airflow/dags/etl_dag.py
[2024-06-11T15:00:59.894+0000] {logging_mixin.py:188} INFO - [2024-06-11T15:00:59.894+0000] {dag.py:3096} INFO - Sync 1 DAGs
[2024-06-11T15:00:59.913+0000] {logging_mixin.py:188} INFO - [2024-06-11T15:00:59.913+0000] {dag.py:3954} INFO - Setting next_dagrun for breweries_etl_dag to 2024-06-11 00:00:00+00:00, run_after=2024-06-12 00:00:00+00:00
[2024-06-11T15:00:59.931+0000] {processor.py:183} INFO - Processing /opt/airflow/dags/etl_dag.py took 0.838 seconds
[2024-06-11T15:01:10.047+0000] {processor.py:161} INFO - Started process (PID=2110) to work on /opt/airflow/dags/etl_dag.py
[2024-06-11T15:01:10.048+0000] {processor.py:830} INFO - Processing file /opt/airflow/dags/etl_dag.py for tasks to queue
[2024-06-11T15:01:10.050+0000] {logging_mixin.py:188} INFO - [2024-06-11T15:01:10.049+0000] {dagbag.py:545} INFO - Filling up the DagBag from /opt/airflow/dags/etl_dag.py
[2024-06-11T15:01:10.708+0000] {processor.py:840} INFO - DAG(s) 'breweries_etl_dag' retrieved from /opt/airflow/dags/etl_dag.py
[2024-06-11T15:01:10.729+0000] {logging_mixin.py:188} INFO - [2024-06-11T15:01:10.728+0000] {dag.py:3096} INFO - Sync 1 DAGs
[2024-06-11T15:01:10.748+0000] {logging_mixin.py:188} INFO - [2024-06-11T15:01:10.748+0000] {dag.py:3954} INFO - Setting next_dagrun for breweries_etl_dag to 2024-06-11 00:00:00+00:00, run_after=2024-06-12 00:00:00+00:00
[2024-06-11T15:01:10.766+0000] {processor.py:183} INFO - Processing /opt/airflow/dags/etl_dag.py took 0.725 seconds
